#
# A fatal error has been detected by the Java Runtime Environment:
#
#  EXCEPTION_ACCESS_VIOLATION (0xc0000005) at pc=0x000000005c72ba43, pid=10812, tid=24092
#
# JRE version: OpenJDK Runtime Environment (17.0.2+8) (build 17.0.2+8-86)
# Java VM: OpenJDK 64-Bit Server VM (17.0.2+8-86, mixed mode, sharing, tiered, compressed oops, compressed class ptrs, g1 gc, windows-amd64)
# Problematic frame:
# C  [gdx-box2d64.dll+0xba43]
#
# No core dump will be written. Minidumps are not enabled by default on client versions of Windows
#
# If you would like to submit a bug report, please visit:
#   https://bugreport.java.com/bugreport/crash.jsp
# The crash happened outside the Java Virtual Machine in native code.
# See problematic frame for where to report the bug.
#

---------------  S U M M A R Y ------------

Command Line: -Dfile.encoding=windows-1252 -Duser.country=AU -Duser.language=en -Duser.variant com.deco2800.game.desktop.DesktopLauncher

Host: Intel(R) Core(TM) i7-10875H CPU @ 2.30GHz, 16 cores, 15G,  Windows 11 , 64 bit Build 22000 (10.0.22000.708)
Time: Wed Sep 28 09:59:01 2022 E. Australia Standard Time elapsed time: 29.607062 seconds (0d 0h 0m 29s)

---------------  T H R E A D  ---------------

Current thread (0x00000144db8f6e10):  JavaThread "main" [_thread_in_native, id=24092, stack(0x0000003e92200000,0x0000003e92300000)]

Stack: [0x0000003e92200000,0x0000003e92300000],  sp=0x0000003e922fe940,  free space=1018k
Native frames: (J=compiled Java code, j=interpreted, Vv=VM code, C=native code)
C  [gdx-box2d64.dll+0xba43]

Java frames: (J=compiled Java code, j=interpreted, Vv=VM code)
j  com.badlogic.gdx.physics.box2d.World.jniCreateBody(JIFFFFFFFFZZZZZF)J+0
j  com.badlogic.gdx.physics.box2d.World.createBody(Lcom/badlogic/gdx/physics/box2d/BodyDef;)Lcom/badlogic/gdx/physics/box2d/Body;+80
j  com.deco2800.game.physics.PhysicsEngine.createBody(Lcom/badlogic/gdx/physics/box2d/BodyDef;)Lcom/badlogic/gdx/physics/box2d/Body;+16
j  com.deco2800.game.physics.components.PhysicsComponent.<init>(Lcom/deco2800/game/physics/PhysicsEngine;)V+51
j  com.deco2800.game.physics.components.PhysicsComponent.<init>()V+7
j  com.deco2800.game.entities.factories.ProjectileFactory.createBasePlayerProjectile(Lcom/deco2800/game/entities/Entity;D)Lcom/deco2800/game/entities/Entity;+4
j  com.deco2800.game.areas.ForestGameArea.spawnPlayerProjectileCone()V+47
j  com.deco2800.game.components.player.KeyboardPlayerInputComponent.keyDown(I)Z+557
j  com.deco2800.game.input.InputService.keyDown(I)Z+31
J 2423 c1 com.badlogic.gdx.InputEventQueue.drain(Lcom/badlogic/gdx/InputProcessor;)V (379 bytes) @ 0x00000144e3cfe93c [0x00000144e3cfdc00+0x0000000000000d3c]
J 2434 c1 com.badlogic.gdx.backends.lwjgl3.Lwjgl3Window.update()Z (217 bytes) @ 0x00000144e3d04994 [0x00000144e3d04000+0x0000000000000994]
j  com.badlogic.gdx.backends.lwjgl3.Lwjgl3Application.loop()V+111
j  com.badlogic.gdx.backends.lwjgl3.Lwjgl3Application.<init>(Lcom/badlogic/gdx/ApplicationListener;Lcom/badlogic/gdx/backends/lwjgl3/Lwjgl3ApplicationConfiguration;)V+269
j  com.deco2800.game.desktop.DesktopLauncher.main([Ljava/lang/String;)V+26
v  ~StubRoutines::call_stub

siginfo: EXCEPTION_ACCESS_VIOLATION (0xc0000005), reading address 0x0000003600000002


Register to memory mapping:

RIP=0x000000005c72ba43 gdx-box2d64.dll
RAX=0x000000005c76f060 gdx-box2d64.dll
RBX=0x0000003600000002 is an unknown value
RCX=0x0000014482c53870 points into unknown readable memory: 0x00000144d98ee580 | 80 e5 8e d9 44 01 00 00
RDX=0x00000000000000b8 is an unknown value
RSP=0x0000003e922fe940 is pointing into the stack for thread: 0x00000144db8f6e10
RBP=0x0000014482c538a0 points into unknown readable memory: 0x0000000000000000 | 00 00 00 00 00 00 00 00
RSI=0x0000014482c53870 points into unknown readable memory: 0x00000144d98ee580 | 80 e5 8e d9 44 01 00 00
RDI=0x000000000007ba04 is an unknown value
R8 =0x0000014482c53870 points into unknown readable memory: 0x00000144d98ee580 | 80 e5 8e d9 44 01 00 00
R9 =0x0000000000000002 is an unknown value
R10=0x0000000000000001 is an unknown value
R11=0x0000000000000001 is an unknown value
R12=0x0000000000000006 is an unknown value
R13={method} {0x0000014487d4d0e0} 'jniCreateBody' '(JIFFFFFFFFZZZZZF)J' in 'com/badlogic/gdx/physics/box2d/World'
R14=0x0000003e922fec10 is pointing into the stack for thread: 0x00000144db8f6e10
R15=0x00000144db8f6e10 is a thread


Registers:
RAX=0x000000005c76f060, RBX=0x0000003600000002, RCX=0x0000014482c53870, RDX=0x00000000000000b8
RSP=0x0000003e922fe940, RBP=0x0000014482c538a0, RSI=0x0000014482c53870, RDI=0x000000000007ba04
R8 =0x0000014482c53870, R9 =0x0000000000000002, R10=0x0000000000000001, R11=0x0000000000000001
R12=0x0000000000000006, R13=0x0000014487d4d0d8, R14=0x0000003e922fec10, R15=0x00000144db8f6e10
RIP=0x000000005c72ba43, EFLAGS=0x0000000000010202

Top of Stack: (sp=0x0000003e922fe940)
0x0000003e922fe940:   0000000000000020 00000144db8f6e10
0x0000003e922fe950:   0000003e922fea70 0000000000000000
0x0000003e922fe960:   0000014487d4d0d8 00000144db8f6e10
0x0000003e922fe970:   00007ffeee070988 0000014482c53870
0x0000003e922fe980:   0000003e922fea20 000000000007ba04
0x0000003e922fe990:   0000003e922feb68 0000000000000000
0x0000003e922fe9a0:   0000014487d4d0d8 000000005c740e22
0x0000003e922fe9b0:   0000003e922feb80 0000003e922feb00
0x0000003e922fe9c0:   0000003e922fea60 0000003e922fea60
0x0000003e922fe9d0:   0000014400000003 0000014487d4d0d8
0x0000003e922fe9e0:   00000144db8f6e10 0000000000000001
0x0000003e922fe9f0:   00000144ff409ab0 000000005c7466e6
0x0000003e922fea00:   00000144db8f6e10 0000003e922fec10
0x0000003e922fea10:   0000003e922feb68 00000144e3138f0b
0x0000003e922fea20:   0000000000000002 0000000000000000
0x0000003e922fea30:   0000000000000000 40a0000000000000 

Instructions: (pc=0x000000005c72ba43)
0x000000005c72b943:   f6 48 8d 2d b5 16 03 00 48 8d 3d 0e 37 04 00 4c
0x000000005c72b953:   8d 2d f7 31 03 00 4c 8d 25 55 32 03 00 eb 1a 83
0x000000005c72b963:   fe 0d 7e 11 41 b8 49 00 00 00 4c 89 ea 4c 89 e1
0x000000005c72b973:   e8 18 82 02 00 48 83 c3 01 48 63 c6 39 5c 85 00
0x000000005c72b983:   7d 03 83 c6 01 48 81 fb 80 02 00 00 40 88 34 1f
0x000000005c72b993:   75 cd c6 05 a4 36 04 00 01 48 83 c4 28 5b 5e 5f
0x000000005c72b9a3:   5d 41 5c 41 5d c3 90 66 0f 1f 44 00 00 57 56 53
0x000000005c72b9b3:   48 83 ec 20 8b 41 08 48 89 cf 85 c0 7e 1d 31 f6
0x000000005c72b9c3:   31 db 48 8b 07 83 c3 01 48 8b 4c 30 08 48 83 c6
0x000000005c72b9d3:   10 e8 a7 08 00 00 39 5f 08 7f e7 48 8b 0f 48 83
0x000000005c72b9e3:   c4 20 5b 5e 5f e9 93 08 00 00 90 66 90 41 55 41
0x000000005c72b9f3:   54 55 57 56 53 48 83 ec 38 48 63 da 48 89 ce 83
0x000000005c72ba03:   fb 00 0f 84 95 01 00 00 0f 8e 6f 01 00 00 81 fb
0x000000005c72ba13:   80 02 00 00 0f 8f 23 01 00 00 48 8d 05 3c 36 04
0x000000005c72ba23:   00 44 0f b6 24 18 41 80 fc 0d 4c 89 e3 0f 87 da
0x000000005c72ba33:   00 00 00 48 8d 2c de 48 8b 5d 10 48 85 db 74 1d
0x000000005c72ba43:   48 8b 03 48 89 45 10 48 89 d8 48 83 c4 38 5b 5e
0x000000005c72ba53:   5f 5d 41 5c 41 5d c3 66 0f 1f 44 00 00 48 63 46
0x000000005c72ba63:   08 4c 8b 2e 3b 46 0c 0f 84 40 01 00 00 48 c1 e0
0x000000005c72ba73:   04 b9 00 40 00 00 4d 63 e4 49 8d 7c 05 00 e8 ea
0x000000005c72ba83:   07 00 00 48 89 c3 48 89 47 08 48 8d 05 6c 15 03
0x000000005c72ba93:   00 46 8b 24 a0 b8 00 40 00 00 99 41 f7 fc 45 89
0x000000005c72baa3:   e5 44 89 27 44 0f af e8 41 81 fd 00 40 00 00 0f
0x000000005c72bab3:   8f 9b 00 00 00 83 f8 01 7e 23 49 63 d4 83 e8 01
0x000000005c72bac3:   45 31 c0 49 89 d1 48 8d 0c 13 49 f7 d9 41 83 c0
0x000000005c72bad3:   01 4a 89 0c 09 48 01 d1 41 39 c0 75 f0 45 29 e5
0x000000005c72bae3:   4d 63 ed 4a c7 04 2b 00 00 00 00 48 8b 03 48 89
0x000000005c72baf3:   45 10 83 46 08 01 48 89 d8 48 83 c4 38 5b 5e 5f
0x000000005c72bb03:   5d 41 5c 41 5d c3 0f 1f 80 00 00 00 00 48 8d 15
0x000000005c72bb13:   39 30 03 00 48 8d 0d b2 30 03 00 48 8d 2c de 41
0x000000005c72bb23:   b8 70 00 00 00 e8 63 80 02 00 48 8b 5d 10 48 85
0x000000005c72bb33:   db 0f 85 09 ff ff ff e9 21 ff ff ff 90 89 d9 48 


Stack slot to memory mapping:
stack at sp + 0 slots: 0x0000000000000020 is an unknown value
stack at sp + 1 slots: 0x00000144db8f6e10 is a thread
stack at sp + 2 slots: 0x0000003e922fea70 is pointing into the stack for thread: 0x00000144db8f6e10
stack at sp + 3 slots: 0x0 is NULL
stack at sp + 4 slots: {method} {0x0000014487d4d0e0} 'jniCreateBody' '(JIFFFFFFFFZZZZZF)J' in 'com/badlogic/gdx/physics/box2d/World'
stack at sp + 5 slots: 0x00000144db8f6e10 is a thread
stack at sp + 6 slots: 0x00007ffeee070988 jvm.dll
stack at sp + 7 slots: 0x0000014482c53870 points into unknown readable memory: 0x00000144d98ee580 | 80 e5 8e d9 44 01 00 00


---------------  P R O C E S S  ---------------

Threads class SMR info:
_java_thread_list=0x0000014482593110, length=15, elements={
0x00000144db8f6e10, 0x00000144ff0bc930, 0x00000144ff0bd2e0, 0x00000144ff0d4630,
0x00000144ff0d4ef0, 0x00000144ff0d58a0, 0x00000144ff0d7260, 0x00000144ff0db440,
0x00000144ffc08570, 0x00000144ff0dd960, 0x00000144ffd33640, 0x00000144ffd44580,
0x00000144820e3a80, 0x00000144821c7d50, 0x00000144826fd800
}

Java Threads: ( => current thread )
=>0x00000144db8f6e10 JavaThread "main" [_thread_in_native, id=24092, stack(0x0000003e92200000,0x0000003e92300000)]
  0x00000144ff0bc930 JavaThread "Reference Handler" daemon [_thread_blocked, id=15248, stack(0x0000003e92900000,0x0000003e92a00000)]
  0x00000144ff0bd2e0 JavaThread "Finalizer" daemon [_thread_blocked, id=992, stack(0x0000003e92a00000,0x0000003e92b00000)]
  0x00000144ff0d4630 JavaThread "Signal Dispatcher" daemon [_thread_blocked, id=22720, stack(0x0000003e92b00000,0x0000003e92c00000)]
  0x00000144ff0d4ef0 JavaThread "Attach Listener" daemon [_thread_blocked, id=9984, stack(0x0000003e92c00000,0x0000003e92d00000)]
  0x00000144ff0d58a0 JavaThread "Service Thread" daemon [_thread_blocked, id=4804, stack(0x0000003e92d00000,0x0000003e92e00000)]
  0x00000144ff0d7260 JavaThread "Monitor Deflation Thread" daemon [_thread_blocked, id=18708, stack(0x0000003e92e00000,0x0000003e92f00000)]
  0x00000144ff0db440 JavaThread "C2 CompilerThread0" daemon [_thread_blocked, id=13616, stack(0x0000003e92f00000,0x0000003e93000000)]
  0x00000144ffc08570 JavaThread "C1 CompilerThread0" daemon [_thread_blocked, id=8332, stack(0x0000003e93000000,0x0000003e93100000)]
  0x00000144ff0dd960 JavaThread "Sweeper thread" daemon [_thread_blocked, id=22420, stack(0x0000003e93100000,0x0000003e93200000)]
  0x00000144ffd33640 JavaThread "Notification Thread" daemon [_thread_blocked, id=24132, stack(0x0000003e93200000,0x0000003e93300000)]
  0x00000144ffd44580 JavaThread "Common-Cleaner" daemon [_thread_blocked, id=11552, stack(0x0000003e93400000,0x0000003e93500000)]
  0x00000144820e3a80 JavaThread "AssetManager" daemon [_thread_blocked, id=188, stack(0x0000003e93f00000,0x0000003e94000000)]
  0x00000144821c7d50 JavaThread "LWJGL3 Timer" daemon [_thread_blocked, id=16036, stack(0x0000003e94a00000,0x0000003e94b00000)]
  0x00000144826fd800 JavaThread "AssetManager" daemon [_thread_blocked, id=24572, stack(0x0000003e94900000,0x0000003e94a00000)]

Other Threads:
  0x00000144ff0b62c0 VMThread "VM Thread" [stack: 0x0000003e92800000,0x0000003e92900000] [id=16364]
  0x00000144ffd3e150 WatcherThread [stack: 0x0000003e93300000,0x0000003e93400000] [id=22676]
  0x00000144db947910 GCTaskThread "GC Thread#0" [stack: 0x0000003e92300000,0x0000003e92400000] [id=24208]
  0x0000014480701e50 GCTaskThread "GC Thread#1" [stack: 0x0000003e94000000,0x0000003e94100000] [id=24080]
  0x0000014480701390 GCTaskThread "GC Thread#2" [stack: 0x0000003e94100000,0x0000003e94200000] [id=20628]
  0x00000144807018f0 GCTaskThread "GC Thread#3" [stack: 0x0000003e94200000,0x0000003e94300000] [id=13140]
  0x0000014480702910 GCTaskThread "GC Thread#4" [stack: 0x0000003e94300000,0x0000003e94400000] [id=1600]
  0x00000144807023b0 GCTaskThread "GC Thread#5" [stack: 0x0000003e94400000,0x0000003e94500000] [id=10888]
  0x0000014480701ba0 GCTaskThread "GC Thread#6" [stack: 0x0000003e94500000,0x0000003e94600000] [id=16480]
  0x0000014480702100 GCTaskThread "GC Thread#7" [stack: 0x0000003e94600000,0x0000003e94700000] [id=14348]
  0x0000014480702660 GCTaskThread "GC Thread#8" [stack: 0x0000003e94700000,0x0000003e94800000] [id=11352]
  0x00000144b462d3b0 GCTaskThread "GC Thread#9" [stack: 0x0000003e94b00000,0x0000003e94c00000] [id=18440]
  0x00000144b462dbc0 GCTaskThread "GC Thread#10" [stack: 0x0000003e94d00000,0x0000003e94e00000] [id=25092]
  0x00000144db958730 ConcurrentGCThread "G1 Main Marker" [stack: 0x0000003e92400000,0x0000003e92500000] [id=9168]
  0x00000144db95a8f0 ConcurrentGCThread "G1 Conc#0" [stack: 0x0000003e92500000,0x0000003e92600000] [id=360]
  0x00000144db9be260 ConcurrentGCThread "G1 Refine#0" [stack: 0x0000003e92600000,0x0000003e92700000] [id=17376]
  0x00000144db9bec30 ConcurrentGCThread "G1 Service" [stack: 0x0000003e92700000,0x0000003e92800000] [id=8340]

Threads with active compile tasks:

VM state: not at safepoint (normal execution)

VM Mutex/Monitor currently owned by a thread: None

Heap address: 0x0000000702800000, size: 4056 MB, Compressed Oops mode: Zero based, Oop shift amount: 3

CDS archive(s) mapped at: [0x0000000800000000-0x0000000800bc0000-0x0000000800bc0000), size 12320768, SharedBaseAddress: 0x0000000800000000, ArchiveRelocationMode: 0.
Compressed class space mapped at: 0x0000000800c00000-0x0000000840c00000, reserved size: 1073741824
Narrow klass base: 0x0000000800000000, Narrow klass shift: 0, Narrow klass range: 0x100000000

GC Precious Log:
 CPUs: 16 total, 16 available
 Memory: 16223M
 Large Page Support: Disabled
 NUMA Support: Disabled
 Compressed Oops: Enabled (Zero based)
 Heap Region Size: 2M
 Heap Min Capacity: 8M
 Heap Initial Capacity: 254M
 Heap Max Capacity: 4056M
 Pre-touch: Disabled
 Parallel Workers: 13
 Concurrent Workers: 3
 Concurrent Refinement Workers: 13
 Periodic GC: Disabled

Heap:
 garbage-first heap   total 260096K, used 18071K [0x0000000702800000, 0x0000000800000000)
  region size 2048K, 9 young (18432K), 2 survivors (4096K)
 Metaspace       used 10735K, committed 10944K, reserved 1064960K
  class space    used 939K, committed 1024K, reserved 1048576K

Heap Regions: E=young(eden), S=young(survivor), O=old, HS=humongous(starts), HC=humongous(continues), CS=collection set, F=free, OA=open archive, CA=closed archive, TAMS=top-at-mark-start (previous, next)
|   0|0x0000000702800000, 0x0000000702a00000, 0x0000000702a00000|100%| O|  |TAMS 0x0000000702800000, 0x0000000702800000| Untracked 
|   1|0x0000000702a00000, 0x0000000702b64a00, 0x0000000702c00000| 69%| O|  |TAMS 0x0000000702a00000, 0x0000000702a00000| Untracked 
|   2|0x0000000702c00000, 0x0000000702c00000, 0x0000000702e00000|  0%| F|  |TAMS 0x0000000702c00000, 0x0000000702c00000| Untracked 
|   3|0x0000000702e00000, 0x0000000702e00000, 0x0000000703000000|  0%| F|  |TAMS 0x0000000702e00000, 0x0000000702e00000| Untracked 
|   4|0x0000000703000000, 0x0000000703000000, 0x0000000703200000|  0%| F|  |TAMS 0x0000000703000000, 0x0000000703000000| Untracked 
|   5|0x0000000703200000, 0x0000000703200000, 0x0000000703400000|  0%| F|  |TAMS 0x0000000703200000, 0x0000000703200000| Untracked 
|   6|0x0000000703400000, 0x0000000703400000, 0x0000000703600000|  0%| F|  |TAMS 0x0000000703400000, 0x0000000703400000| Untracked 
|   7|0x0000000703600000, 0x0000000703600000, 0x0000000703800000|  0%| F|  |TAMS 0x0000000703600000, 0x0000000703600000| Untracked 
|   8|0x0000000703800000, 0x0000000703800000, 0x0000000703a00000|  0%| F|  |TAMS 0x0000000703800000, 0x0000000703800000| Untracked 
|   9|0x0000000703a00000, 0x0000000703a00000, 0x0000000703c00000|  0%| F|  |TAMS 0x0000000703a00000, 0x0000000703a00000| Untracked 
|  10|0x0000000703c00000, 0x0000000703c00000, 0x0000000703e00000|  0%| F|  |TAMS 0x0000000703c00000, 0x0000000703c00000| Untracked 
|  11|0x0000000703e00000, 0x0000000703e00000, 0x0000000704000000|  0%| F|  |TAMS 0x0000000703e00000, 0x0000000703e00000| Untracked 
|  12|0x0000000704000000, 0x0000000704000000, 0x0000000704200000|  0%| F|  |TAMS 0x0000000704000000, 0x0000000704000000| Untracked 
|  13|0x0000000704200000, 0x0000000704200000, 0x0000000704400000|  0%| F|  |TAMS 0x0000000704200000, 0x0000000704200000| Untracked 
|  14|0x0000000704400000, 0x0000000704400000, 0x0000000704600000|  0%| F|  |TAMS 0x0000000704400000, 0x0000000704400000| Untracked 
|  15|0x0000000704600000, 0x0000000704600000, 0x0000000704800000|  0%| F|  |TAMS 0x0000000704600000, 0x0000000704600000| Untracked 
|  16|0x0000000704800000, 0x0000000704800000, 0x0000000704a00000|  0%| F|  |TAMS 0x0000000704800000, 0x0000000704800000| Untracked 
|  17|0x0000000704a00000, 0x0000000704a00000, 0x0000000704c00000|  0%| F|  |TAMS 0x0000000704a00000, 0x0000000704a00000| Untracked 
|  18|0x0000000704c00000, 0x0000000704c00000, 0x0000000704e00000|  0%| F|  |TAMS 0x0000000704c00000, 0x0000000704c00000| Untracked 
|  19|0x0000000704e00000, 0x0000000704e00000, 0x0000000705000000|  0%| F|  |TAMS 0x0000000704e00000, 0x0000000704e00000| Untracked 
|  20|0x0000000705000000, 0x0000000705000000, 0x0000000705200000|  0%| F|  |TAMS 0x0000000705000000, 0x0000000705000000| Untracked 
|  21|0x0000000705200000, 0x0000000705200000, 0x0000000705400000|  0%| F|  |TAMS 0x0000000705200000, 0x0000000705200000| Untracked 
|  22|0x0000000705400000, 0x0000000705400000, 0x0000000705600000|  0%| F|  |TAMS 0x0000000705400000, 0x0000000705400000| Untracked 
|  23|0x0000000705600000, 0x0000000705600000, 0x0000000705800000|  0%| F|  |TAMS 0x0000000705600000, 0x0000000705600000| Untracked 
|  24|0x0000000705800000, 0x0000000705800000, 0x0000000705a00000|  0%| F|  |TAMS 0x0000000705800000, 0x0000000705800000| Untracked 
|  25|0x0000000705a00000, 0x0000000705a00000, 0x0000000705c00000|  0%| F|  |TAMS 0x0000000705a00000, 0x0000000705a00000| Untracked 
|  26|0x0000000705c00000, 0x0000000705c00000, 0x0000000705e00000|  0%| F|  |TAMS 0x0000000705c00000, 0x0000000705c00000| Untracked 
|  27|0x0000000705e00000, 0x0000000705e00000, 0x0000000706000000|  0%| F|  |TAMS 0x0000000705e00000, 0x0000000705e00000| Untracked 
|  28|0x0000000706000000, 0x0000000706000000, 0x0000000706200000|  0%| F|  |TAMS 0x0000000706000000, 0x0000000706000000| Untracked 
|  29|0x0000000706200000, 0x0000000706200000, 0x0000000706400000|  0%| F|  |TAMS 0x0000000706200000, 0x0000000706200000| Untracked 
|  30|0x0000000706400000, 0x0000000706400000, 0x0000000706600000|  0%| F|  |TAMS 0x0000000706400000, 0x0000000706400000| Untracked 
|  31|0x0000000706600000, 0x0000000706600000, 0x0000000706800000|  0%| F|  |TAMS 0x0000000706600000, 0x0000000706600000| Untracked 
|  32|0x0000000706800000, 0x0000000706800000, 0x0000000706a00000|  0%| F|  |TAMS 0x0000000706800000, 0x0000000706800000| Untracked 
|  33|0x0000000706a00000, 0x0000000706a00000, 0x0000000706c00000|  0%| F|  |TAMS 0x0000000706a00000, 0x0000000706a00000| Untracked 
|  34|0x0000000706c00000, 0x0000000706c00000, 0x0000000706e00000|  0%| F|  |TAMS 0x0000000706c00000, 0x0000000706c00000| Untracked 
|  35|0x0000000706e00000, 0x0000000706e00000, 0x0000000707000000|  0%| F|  |TAMS 0x0000000706e00000, 0x0000000706e00000| Untracked 
|  36|0x0000000707000000, 0x0000000707000000, 0x0000000707200000|  0%| F|  |TAMS 0x0000000707000000, 0x0000000707000000| Untracked 
|  37|0x0000000707200000, 0x0000000707200000, 0x0000000707400000|  0%| F|  |TAMS 0x0000000707200000, 0x0000000707200000| Untracked 
|  38|0x0000000707400000, 0x0000000707400000, 0x0000000707600000|  0%| F|  |TAMS 0x0000000707400000, 0x0000000707400000| Untracked 
|  39|0x0000000707600000, 0x0000000707600000, 0x0000000707800000|  0%| F|  |TAMS 0x0000000707600000, 0x0000000707600000| Untracked 
|  40|0x0000000707800000, 0x0000000707800000, 0x0000000707a00000|  0%| F|  |TAMS 0x0000000707800000, 0x0000000707800000| Untracked 
|  41|0x0000000707a00000, 0x0000000707a00000, 0x0000000707c00000|  0%| F|  |TAMS 0x0000000707a00000, 0x0000000707a00000| Untracked 
|  42|0x0000000707c00000, 0x0000000707c00000, 0x0000000707e00000|  0%| F|  |TAMS 0x0000000707c00000, 0x0000000707c00000| Untracked 
|  43|0x0000000707e00000, 0x0000000707e00000, 0x0000000708000000|  0%| F|  |TAMS 0x0000000707e00000, 0x0000000707e00000| Untracked 
|  44|0x0000000708000000, 0x0000000708000000, 0x0000000708200000|  0%| F|  |TAMS 0x0000000708000000, 0x0000000708000000| Untracked 
|  45|0x0000000708200000, 0x0000000708200000, 0x0000000708400000|  0%| F|  |TAMS 0x0000000708200000, 0x0000000708200000| Untracked 
|  46|0x0000000708400000, 0x0000000708400000, 0x0000000708600000|  0%| F|  |TAMS 0x0000000708400000, 0x0000000708400000| Untracked 
|  47|0x0000000708600000, 0x0000000708600000, 0x0000000708800000|  0%| F|  |TAMS 0x0000000708600000, 0x0000000708600000| Untracked 
|  48|0x0000000708800000, 0x0000000708800000, 0x0000000708a00000|  0%| F|  |TAMS 0x0000000708800000, 0x0000000708800000| Untracked 
|  49|0x0000000708a00000, 0x0000000708a00000, 0x0000000708c00000|  0%| F|  |TAMS 0x0000000708a00000, 0x0000000708a00000| Untracked 
|  50|0x0000000708c00000, 0x0000000708c00000, 0x0000000708e00000|  0%| F|  |TAMS 0x0000000708c00000, 0x0000000708c00000| Untracked 
|  51|0x0000000708e00000, 0x0000000708e00000, 0x0000000709000000|  0%| F|  |TAMS 0x0000000708e00000, 0x0000000708e00000| Untracked 
|  52|0x0000000709000000, 0x0000000709000000, 0x0000000709200000|  0%| F|  |TAMS 0x0000000709000000, 0x0000000709000000| Untracked 
|  53|0x0000000709200000, 0x0000000709200000, 0x0000000709400000|  0%| F|  |TAMS 0x0000000709200000, 0x0000000709200000| Untracked 
|  54|0x0000000709400000, 0x0000000709400000, 0x0000000709600000|  0%| F|  |TAMS 0x0000000709400000, 0x0000000709400000| Untracked 
|  55|0x0000000709600000, 0x0000000709600000, 0x0000000709800000|  0%| F|  |TAMS 0x0000000709600000, 0x0000000709600000| Untracked 
|  56|0x0000000709800000, 0x0000000709800000, 0x0000000709a00000|  0%| F|  |TAMS 0x0000000709800000, 0x0000000709800000| Untracked 
|  57|0x0000000709a00000, 0x0000000709a00000, 0x0000000709c00000|  0%| F|  |TAMS 0x0000000709a00000, 0x0000000709a00000| Untracked 
|  58|0x0000000709c00000, 0x0000000709c00000, 0x0000000709e00000|  0%| F|  |TAMS 0x0000000709c00000, 0x0000000709c00000| Untracked 
|  59|0x0000000709e00000, 0x0000000709e00000, 0x000000070a000000|  0%| F|  |TAMS 0x0000000709e00000, 0x0000000709e00000| Untracked 
|  60|0x000000070a000000, 0x000000070a000000, 0x000000070a200000|  0%| F|  |TAMS 0x000000070a000000, 0x000000070a000000| Untracked 
|  61|0x000000070a200000, 0x000000070a200000, 0x000000070a400000|  0%| F|  |TAMS 0x000000070a200000, 0x000000070a200000| Untracked 
|  62|0x000000070a400000, 0x000000070a400000, 0x000000070a600000|  0%| F|  |TAMS 0x000000070a400000, 0x000000070a400000| Untracked 
|  63|0x000000070a600000, 0x000000070a600000, 0x000000070a800000|  0%| F|  |TAMS 0x000000070a600000, 0x000000070a600000| Untracked 
|  64|0x000000070a800000, 0x000000070a800000, 0x000000070aa00000|  0%| F|  |TAMS 0x000000070a800000, 0x000000070a800000| Untracked 
|  65|0x000000070aa00000, 0x000000070aa00000, 0x000000070ac00000|  0%| F|  |TAMS 0x000000070aa00000, 0x000000070aa00000| Untracked 
|  66|0x000000070ac00000, 0x000000070ac00000, 0x000000070ae00000|  0%| F|  |TAMS 0x000000070ac00000, 0x000000070ac00000| Untracked 
|  67|0x000000070ae00000, 0x000000070ae00000, 0x000000070b000000|  0%| F|  |TAMS 0x000000070ae00000, 0x000000070ae00000| Untracked 
|  68|0x000000070b000000, 0x000000070b000000, 0x000000070b200000|  0%| F|  |TAMS 0x000000070b000000, 0x000000070b000000| Untracked 
|  69|0x000000070b200000, 0x000000070b200000, 0x000000070b400000|  0%| F|  |TAMS 0x000000070b200000, 0x000000070b200000| Untracked 
|  70|0x000000070b400000, 0x000000070b400000, 0x000000070b600000|  0%| F|  |TAMS 0x000000070b400000, 0x000000070b400000| Untracked 
|  71|0x000000070b600000, 0x000000070b600000, 0x000000070b800000|  0%| F|  |TAMS 0x000000070b600000, 0x000000070b600000| Untracked 
|  72|0x000000070b800000, 0x000000070b800000, 0x000000070ba00000|  0%| F|  |TAMS 0x000000070b800000, 0x000000070b800000| Untracked 
|  73|0x000000070ba00000, 0x000000070ba00000, 0x000000070bc00000|  0%| F|  |TAMS 0x000000070ba00000, 0x000000070ba00000| Untracked 
|  74|0x000000070bc00000, 0x000000070bc00000, 0x000000070be00000|  0%| F|  |TAMS 0x000000070bc00000, 0x000000070bc00000| Untracked 
|  75|0x000000070be00000, 0x000000070be00000, 0x000000070c000000|  0%| F|  |TAMS 0x000000070be00000, 0x000000070be00000| Untracked 
|  76|0x000000070c000000, 0x000000070c000000, 0x000000070c200000|  0%| F|  |TAMS 0x000000070c000000, 0x000000070c000000| Untracked 
|  77|0x000000070c200000, 0x000000070c200000, 0x000000070c400000|  0%| F|  |TAMS 0x000000070c200000, 0x000000070c200000| Untracked 
|  78|0x000000070c400000, 0x000000070c400000, 0x000000070c600000|  0%| F|  |TAMS 0x000000070c400000, 0x000000070c400000| Untracked 
|  79|0x000000070c600000, 0x000000070c600000, 0x000000070c800000|  0%| F|  |TAMS 0x000000070c600000, 0x000000070c600000| Untracked 
|  80|0x000000070c800000, 0x000000070c800000, 0x000000070ca00000|  0%| F|  |TAMS 0x000000070c800000, 0x000000070c800000| Untracked 
|  81|0x000000070ca00000, 0x000000070ca00000, 0x000000070cc00000|  0%| F|  |TAMS 0x000000070ca00000, 0x000000070ca00000| Untracked 
|  82|0x000000070cc00000, 0x000000070cc00000, 0x000000070ce00000|  0%| F|  |TAMS 0x000000070cc00000, 0x000000070cc00000| Untracked 
|  83|0x000000070ce00000, 0x000000070ce00000, 0x000000070d000000|  0%| F|  |TAMS 0x000000070ce00000, 0x000000070ce00000| Untracked 
|  84|0x000000070d000000, 0x000000070d000000, 0x000000070d200000|  0%| F|  |TAMS 0x000000070d000000, 0x000000070d000000| Untracked 
|  85|0x000000070d200000, 0x000000070d200000, 0x000000070d400000|  0%| F|  |TAMS 0x000000070d200000, 0x000000070d200000| Untracked 
|  86|0x000000070d400000, 0x000000070d400000, 0x000000070d600000|  0%| F|  |TAMS 0x000000070d400000, 0x000000070d400000| Untracked 
|  87|0x000000070d600000, 0x000000070d600000, 0x000000070d800000|  0%| F|  |TAMS 0x000000070d600000, 0x000000070d600000| Untracked 
|  88|0x000000070d800000, 0x000000070d800000, 0x000000070da00000|  0%| F|  |TAMS 0x000000070d800000, 0x000000070d800000| Untracked 
|  89|0x000000070da00000, 0x000000070da00000, 0x000000070dc00000|  0%| F|  |TAMS 0x000000070da00000, 0x000000070da00000| Untracked 
|  90|0x000000070dc00000, 0x000000070dc00000, 0x000000070de00000|  0%| F|  |TAMS 0x000000070dc00000, 0x000000070dc00000| Untracked 
|  91|0x000000070de00000, 0x000000070de00000, 0x000000070e000000|  0%| F|  |TAMS 0x000000070de00000, 0x000000070de00000| Untracked 
|  92|0x000000070e000000, 0x000000070e000000, 0x000000070e200000|  0%| F|  |TAMS 0x000000070e000000, 0x000000070e000000| Untracked 
|  93|0x000000070e200000, 0x000000070e200000, 0x000000070e400000|  0%| F|  |TAMS 0x000000070e200000, 0x000000070e200000| Untracked 
|  94|0x000000070e400000, 0x000000070e400000, 0x000000070e600000|  0%| F|  |TAMS 0x000000070e400000, 0x000000070e400000| Untracked 
|  95|0x000000070e600000, 0x000000070e600000, 0x000000070e800000|  0%| F|  |TAMS 0x000000070e600000, 0x000000070e600000| Untracked 
|  96|0x000000070e800000, 0x000000070e800000, 0x000000070ea00000|  0%| F|  |TAMS 0x000000070e800000, 0x000000070e800000| Untracked 
|  97|0x000000070ea00000, 0x000000070ea00000, 0x000000070ec00000|  0%| F|  |TAMS 0x000000070ea00000, 0x000000070ea00000| Untracked 
|  98|0x000000070ec00000, 0x000000070ec00000, 0x000000070ee00000|  0%| F|  |TAMS 0x000000070ec00000, 0x000000070ec00000| Untracked 
|  99|0x000000070ee00000, 0x000000070ee00000, 0x000000070f000000|  0%| F|  |TAMS 0x000000070ee00000, 0x000000070ee00000| Untracked 
| 100|0x000000070f000000, 0x000000070f000000, 0x000000070f200000|  0%| F|  |TAMS 0x000000070f000000, 0x000000070f000000| Untracked 
| 101|0x000000070f200000, 0x000000070f200000, 0x000000070f400000|  0%| F|  |TAMS 0x000000070f200000, 0x000000070f200000| Untracked 
| 102|0x000000070f400000, 0x000000070f400000, 0x000000070f600000|  0%| F|  |TAMS 0x000000070f400000, 0x000000070f400000| Untracked 
| 103|0x000000070f600000, 0x000000070f600000, 0x000000070f800000|  0%| F|  |TAMS 0x000000070f600000, 0x000000070f600000| Untracked 
| 104|0x000000070f800000, 0x000000070f800000, 0x000000070fa00000|  0%| F|  |TAMS 0x000000070f800000, 0x000000070f800000| Untracked 
| 105|0x000000070fa00000, 0x000000070fa00000, 0x000000070fc00000|  0%| F|  |TAMS 0x000000070fa00000, 0x000000070fa00000| Untracked 
| 106|0x000000070fc00000, 0x000000070fc00000, 0x000000070fe00000|  0%| F|  |TAMS 0x000000070fc00000, 0x000000070fc00000| Untracked 
| 107|0x000000070fe00000, 0x000000070fe00000, 0x0000000710000000|  0%| F|  |TAMS 0x000000070fe00000, 0x000000070fe00000| Untracked 
| 108|0x0000000710000000, 0x0000000710000000, 0x0000000710200000|  0%| F|  |TAMS 0x0000000710000000, 0x0000000710000000| Untracked 
| 109|0x0000000710200000, 0x0000000710241520, 0x0000000710400000| 12%| S|CS|TAMS 0x0000000710200000, 0x0000000710200000| Complete 
| 110|0x0000000710400000, 0x0000000710600000, 0x0000000710600000|100%| S|CS|TAMS 0x0000000710400000, 0x0000000710400000| Complete 
| 111|0x0000000710600000, 0x0000000710600000, 0x0000000710800000|  0%| F|  |TAMS 0x0000000710600000, 0x0000000710600000| Untracked 
| 112|0x0000000710800000, 0x0000000710800000, 0x0000000710a00000|  0%| F|  |TAMS 0x0000000710800000, 0x0000000710800000| Untracked 
| 113|0x0000000710a00000, 0x0000000710a00000, 0x0000000710c00000|  0%| F|  |TAMS 0x0000000710a00000, 0x0000000710a00000| Untracked 
| 114|0x0000000710c00000, 0x0000000710c00000, 0x0000000710e00000|  0%| F|  |TAMS 0x0000000710c00000, 0x0000000710c00000| Untracked 
| 115|0x0000000710e00000, 0x0000000710e00000, 0x0000000711000000|  0%| F|  |TAMS 0x0000000710e00000, 0x0000000710e00000| Untracked 
| 116|0x0000000711000000, 0x0000000711000000, 0x0000000711200000|  0%| F|  |TAMS 0x0000000711000000, 0x0000000711000000| Untracked 
| 117|0x0000000711200000, 0x0000000711200000, 0x0000000711400000|  0%| F|  |TAMS 0x0000000711200000, 0x0000000711200000| Untracked 
| 118|0x0000000711400000, 0x0000000711400000, 0x0000000711600000|  0%| F|  |TAMS 0x0000000711400000, 0x0000000711400000| Untracked 
| 119|0x0000000711600000, 0x0000000711600000, 0x0000000711800000|  0%| F|  |TAMS 0x0000000711600000, 0x0000000711600000| Untracked 
| 120|0x0000000711800000, 0x0000000711900800, 0x0000000711a00000| 50%| E|  |TAMS 0x0000000711800000, 0x0000000711800000| Complete 
| 121|0x0000000711a00000, 0x0000000711c00000, 0x0000000711c00000|100%| E|CS|TAMS 0x0000000711a00000, 0x0000000711a00000| Complete 
| 122|0x0000000711c00000, 0x0000000711e00000, 0x0000000711e00000|100%| E|CS|TAMS 0x0000000711c00000, 0x0000000711c00000| Complete 
| 123|0x0000000711e00000, 0x0000000712000000, 0x0000000712000000|100%| E|CS|TAMS 0x0000000711e00000, 0x0000000711e00000| Complete 
| 124|0x0000000712000000, 0x0000000712200000, 0x0000000712200000|100%| E|CS|TAMS 0x0000000712000000, 0x0000000712000000| Complete 
| 125|0x0000000712200000, 0x0000000712400000, 0x0000000712400000|100%| E|CS|TAMS 0x0000000712200000, 0x0000000712200000| Complete 
| 126|0x0000000712400000, 0x0000000712600000, 0x0000000712600000|100%| E|CS|TAMS 0x0000000712400000, 0x0000000712400000| Complete 

Card table byte_map: [0x00000144f31a0000,0x00000144f3990000] _byte_map_base: 0x00000144ef98c000

Marking Bits (Prev, Next): (CMBitMap*) 0x00000144db947f20, (CMBitMap*) 0x00000144db947f60
 Prev Bits: [0x00000144f4180000, 0x00000144f80e0000)
 Next Bits: [0x00000144f80e0000, 0x00000144fc040000)

Polling page: 0x00000144db0c0000

Metaspace:

Usage:
  Non-class:      9.57 MB used.
      Class:    939.12 KB used.
       Both:     10.48 MB used.

Virtual space:
  Non-class space:       16.00 MB reserved,       9.69 MB ( 61%) committed,  2 nodes.
      Class space:        1.00 GB reserved,       1.00 MB ( <1%) committed,  1 nodes.
             Both:        1.02 GB reserved,      10.69 MB (  1%) committed. 

Chunk freelists:
   Non-Class:  1.17 MB
       Class:  3.03 MB
        Both:  4.21 MB

MaxMetaspaceSize: unlimited
CompressedClassSpaceSize: 1.00 GB
Initial GC threshold: 21.00 MB
Current GC threshold: 21.00 MB
CDS: on
MetaspaceReclaimPolicy: balanced
 - commit_granule_bytes: 65536.
 - commit_granule_words: 8192.
 - virtual_space_node_default_size: 1048576.
 - enlarge_chunks_in_place: 1.
 - new_chunks_are_fully_committed: 0.
 - uncommit_free_chunks: 1.
 - use_allocation_guard: 0.
 - handle_deallocations: 1.


Internal statistics:

num_allocs_failed_limit: 0.
num_arena_births: 122.
num_arena_deaths: 0.
num_vsnodes_births: 3.
num_vsnodes_deaths: 0.
num_space_committed: 169.
num_space_uncommitted: 0.
num_chunks_returned_to_freelist: 0.
num_chunks_taken_from_freelist: 443.
num_chunk_merges: 0.
num_chunk_splits: 311.
num_chunks_enlarged: 251.
num_purges: 0.
num_inconsistent_stats: 0.

CodeHeap 'non-profiled nmethods': size=119168Kb used=1741Kb max_used=1741Kb free=117426Kb
 bounds [0x00000144eacd0000, 0x00000144eaf40000, 0x00000144f2130000]
CodeHeap 'profiled nmethods': size=119104Kb used=5224Kb max_used=5224Kb free=113879Kb
 bounds [0x00000144e3880000, 0x00000144e3da0000, 0x00000144eacd0000]
CodeHeap 'non-nmethods': size=7488Kb used=1653Kb max_used=3413Kb free=5834Kb
 bounds [0x00000144e3130000, 0x00000144e34b0000, 0x00000144e3880000]
 total_blobs=3906 nmethods=2806 adapters=1012
 compilation: enabled
              stopped_count=0, restarted_count=0
 full_count=0

Compilation events (20 events):
Event: 28.599 Thread 0x00000144ff0db440 nmethod 2797 0x00000144eae82410 code [0x00000144eae82580, 0x00000144eae825f8]
Event: 28.632 Thread 0x00000144ffc08570 2798       3       com.badlogic.gdx.utils.ComparableTimSort::mergeAt (199 bytes)
Event: 28.633 Thread 0x00000144ffc08570 nmethod 2798 0x00000144e3d93b90 code [0x00000144e3d93dc0, 0x00000144e3d94558]
Event: 29.482 Thread 0x00000144ffc08570 2799       3       com.badlogic.gdx.backends.lwjgl3.audio.OpenALMusic::fill (146 bytes)
Event: 29.483 Thread 0x00000144ffc08570 nmethod 2799 0x00000144e3d94890 code [0x00000144e3d94b40, 0x00000144e3d957e8]
Event: 29.533 Thread 0x00000144ffc08570 2801       3       com.badlogic.gdx.scenes.scene2d.ui.Table::add (297 bytes)
Event: 29.534 Thread 0x00000144ffc08570 nmethod 2801 0x00000144e3d95b90 code [0x00000144e3d95ea0, 0x00000144e3d97578]
Event: 29.534 Thread 0x00000144ffc08570 2802       3       com.badlogic.gdx.scenes.scene2d.ui.Cell::merge (336 bytes)
Event: 29.534 Thread 0x00000144ffc08570 nmethod 2802 0x00000144e3d97c90 code [0x00000144e3d97ec0, 0x00000144e3d98e98]
Event: 29.534 Thread 0x00000144ffc08570 2804       1       com.badlogic.gdx.graphics.g2d.BitmapFont::getData (5 bytes)
Event: 29.534 Thread 0x00000144ffc08570 nmethod 2804 0x00000144eae82710 code [0x00000144eae828a0, 0x00000144eae82978]
Event: 29.534 Thread 0x00000144ffc08570 2800       3       com.badlogic.gdx.scenes.scene2d.ui.Label::invalidate (10 bytes)
Event: 29.534 Thread 0x00000144ffc08570 nmethod 2800 0x00000144e3d98f90 code [0x00000144e3d99120, 0x00000144e3d99298]
Event: 29.534 Thread 0x00000144ffc08570 2803       3       com.badlogic.gdx.scenes.scene2d.Actor::setBounds (67 bytes)
Event: 29.535 Thread 0x00000144ffc08570 nmethod 2803 0x00000144e3d99390 code [0x00000144e3d99540, 0x00000144e3d99988]
Event: 29.599 Thread 0x00000144ffc08570 2805       3       com.badlogic.gdx.utils.IntMap::putResize (47 bytes)
Event: 29.599 Thread 0x00000144ffc08570 nmethod 2805 0x00000144e3d99a90 code [0x00000144e3d99c60, 0x00000144e3d9a098]
Event: 29.599 Thread 0x00000144ffc08570 2806       1       com.badlogic.gdx.graphics.g2d.Animation::setPlayMode (6 bytes)
Event: 29.599 Thread 0x00000144ff0db440 2807       4       java.util.HashMap::getOrDefault (19 bytes)
Event: 29.599 Thread 0x00000144ffc08570 nmethod 2806 0x00000144eae82a10 code [0x00000144eae82ba0, 0x00000144eae82cb8]

GC Heap History (4 events):
Event: 1.459 GC heap before
{Heap before GC invocations=0 (full 0):
 garbage-first heap   total 260096K, used 20480K [0x0000000702800000, 0x0000000800000000)
  region size 2048K, 11 young (22528K), 0 survivors (0K)
 Metaspace       used 6611K, committed 6784K, reserved 1064960K
  class space    used 505K, committed 576K, reserved 1048576K
}
Event: 1.464 GC heap after
{Heap after GC invocations=1 (full 0):
 garbage-first heap   total 260096K, used 3932K [0x0000000702800000, 0x0000000800000000)
  region size 2048K, 2 young (4096K), 2 survivors (4096K)
 Metaspace       used 6611K, committed 6784K, reserved 1064960K
  class space    used 505K, committed 576K, reserved 1048576K
}
Event: 7.433 GC heap before
{Heap before GC invocations=1 (full 0):
 garbage-first heap   total 260096K, used 30556K [0x0000000702800000, 0x0000000800000000)
  region size 2048K, 16 young (32768K), 2 survivors (4096K)
 Metaspace       used 10529K, committed 10752K, reserved 1064960K
  class space    used 937K, committed 1024K, reserved 1048576K
}
Event: 7.436 GC heap after
{Heap after GC invocations=2 (full 0):
 garbage-first heap   total 260096K, used 5783K [0x0000000702800000, 0x0000000800000000)
  region size 2048K, 2 young (4096K), 2 survivors (4096K)
 Metaspace       used 10529K, committed 10752K, reserved 1064960K
  class space    used 937K, committed 1024K, reserved 1048576K
}

Deoptimization events (20 events):
Event: 23.383 Thread 0x00000144db8f6e10 Uncommon trap: trap_request=0xffffffbe fr.pc=0x00000144eae50f68 relative=0x00000000000036e8
Event: 23.383 Thread 0x00000144db8f6e10 Uncommon trap: reason=profile_predicate action=maybe_recompile pc=0x00000144eae50f68 method=com.badlogic.gdx.utils.ComparableTimSort.binarySort([Ljava/lang/Object;III)V @ 31 c2
Event: 23.383 Thread 0x00000144db8f6e10 DEOPT PACKING pc=0x00000144eae50f68 sp=0x0000003e922fee20
Event: 23.383 Thread 0x00000144db8f6e10 DEOPT UNPACKING pc=0x00000144e31823a3 sp=0x0000003e922fec28 mode 2
Event: 23.467 Thread 0x00000144db8f6e10 Uncommon trap: trap_request=0xffffffbe fr.pc=0x00000144eae50f68 relative=0x00000000000036e8
Event: 23.467 Thread 0x00000144db8f6e10 Uncommon trap: reason=profile_predicate action=maybe_recompile pc=0x00000144eae50f68 method=com.badlogic.gdx.utils.ComparableTimSort.binarySort([Ljava/lang/Object;III)V @ 31 c2
Event: 23.467 Thread 0x00000144db8f6e10 DEOPT PACKING pc=0x00000144eae50f68 sp=0x0000003e922fee20
Event: 23.467 Thread 0x00000144db8f6e10 DEOPT UNPACKING pc=0x00000144e31823a3 sp=0x0000003e922fec28 mode 2
Event: 23.516 Thread 0x00000144db8f6e10 Uncommon trap: trap_request=0xffffff76 fr.pc=0x00000144eae3daa8 relative=0x0000000000001068
Event: 23.516 Thread 0x00000144db8f6e10 Uncommon trap: reason=predicate action=maybe_recompile pc=0x00000144eae3daa8 method=com.deco2800.game.entities.Entity.earlyUpdate()V @ 26 c2
Event: 23.516 Thread 0x00000144db8f6e10 DEOPT PACKING pc=0x00000144eae3daa8 sp=0x0000003e922fef30
Event: 23.516 Thread 0x00000144db8f6e10 DEOPT UNPACKING pc=0x00000144e31823a3 sp=0x0000003e922fee70 mode 2
Event: 23.916 Thread 0x00000144db8f6e10 Uncommon trap: trap_request=0xffffffde fr.pc=0x00000144eae7aa40 relative=0x0000000000003dc0
Event: 23.916 Thread 0x00000144db8f6e10 Uncommon trap: reason=class_check action=maybe_recompile pc=0x00000144eae7aa40 method=com.badlogic.gdx.utils.ComparableTimSort.countRunAndMakeAscending([Ljava/lang/Object;II)I @ 39 c2
Event: 23.916 Thread 0x00000144db8f6e10 DEOPT PACKING pc=0x00000144eae7aa40 sp=0x0000003e922fee20
Event: 23.916 Thread 0x00000144db8f6e10 DEOPT UNPACKING pc=0x00000144e31823a3 sp=0x0000003e922fec50 mode 2
Event: 27.549 Thread 0x00000144db8f6e10 Uncommon trap: trap_request=0xffffffde fr.pc=0x00000144eae7aa40 relative=0x0000000000003dc0
Event: 27.549 Thread 0x00000144db8f6e10 Uncommon trap: reason=class_check action=maybe_recompile pc=0x00000144eae7aa40 method=com.badlogic.gdx.utils.ComparableTimSort.countRunAndMakeAscending([Ljava/lang/Object;II)I @ 39 c2
Event: 27.549 Thread 0x00000144db8f6e10 DEOPT PACKING pc=0x00000144eae7aa40 sp=0x0000003e922fee20
Event: 27.549 Thread 0x00000144db8f6e10 DEOPT UNPACKING pc=0x00000144e31823a3 sp=0x0000003e922fec50 mode 2

Classes unloaded (0 events):
No events

Classes redefined (0 events):
No events

Internal exceptions (20 events):
Event: 0.293 Thread 0x00000144db8f6e10 Exception <a 'sun/nio/fs/WindowsException'{0x0000000711a4e0c0}> (0x0000000711a4e0c0) 
thrown [t:\workspace\open\src\hotspot\share\prims\jni.cpp, line 516]
Event: 0.293 Thread 0x00000144db8f6e10 Exception <a 'sun/nio/fs/WindowsException'{0x0000000711a4e450}> (0x0000000711a4e450) 
thrown [t:\workspace\open\src\hotspot\share\prims\jni.cpp, line 516]
Event: 0.314 Thread 0x00000144db8f6e10 Exception <a 'sun/nio/fs/WindowsException'{0x0000000711b0dc08}> (0x0000000711b0dc08) 
thrown [t:\workspace\open\src\hotspot\share\prims\jni.cpp, line 516]
Event: 0.314 Thread 0x00000144db8f6e10 Exception <a 'sun/nio/fs/WindowsException'{0x0000000711b0df68}> (0x0000000711b0df68) 
thrown [t:\workspace\open\src\hotspot\share\prims\jni.cpp, line 516]
Event: 0.348 Thread 0x00000144db8f6e10 Exception <a 'sun/nio/fs/WindowsException'{0x0000000711b9f950}> (0x0000000711b9f950) 
thrown [t:\workspace\open\src\hotspot\share\prims\jni.cpp, line 516]
Event: 0.349 Thread 0x00000144db8f6e10 Exception <a 'sun/nio/fs/WindowsException'{0x0000000711b9fcd0}> (0x0000000711b9fcd0) 
thrown [t:\workspace\open\src\hotspot\share\prims\jni.cpp, line 516]
Event: 1.046 Thread 0x00000144db8f6e10 Exception <a 'java/lang/NoSuchMethodError'{0x0000000711bec250}: 'java.lang.Object java.lang.invoke.DirectMethodHandle$Holder.newInvokeSpecial(java.lang.Object, long)'> (0x0000000711bec250) 
thrown [t:\workspace\open\src\hotspot\share\interpreter\linkResolver.cpp, line 766]
Event: 1.135 Thread 0x00000144db8f6e10 Exception <a 'sun/nio/fs/WindowsException'{0x000000071190b6b8}> (0x000000071190b6b8) 
thrown [t:\workspace\open\src\hotspot\share\prims\jni.cpp, line 516]
Event: 1.135 Thread 0x00000144db8f6e10 Exception <a 'sun/nio/fs/WindowsException'{0x000000071190ba60}> (0x000000071190ba60) 
thrown [t:\workspace\open\src\hotspot\share\prims\jni.cpp, line 516]
Event: 1.138 Thread 0x00000144db8f6e10 Exception <a 'sun/nio/fs/WindowsException'{0x0000000711915c00}> (0x0000000711915c00) 
thrown [t:\workspace\open\src\hotspot\share\prims\jni.cpp, line 516]
Event: 1.138 Thread 0x00000144db8f6e10 Exception <a 'sun/nio/fs/WindowsException'{0x0000000711915ee0}> (0x0000000711915ee0) 
thrown [t:\workspace\open\src\hotspot\share\prims\jni.cpp, line 516]
Event: 1.277 Thread 0x00000144db8f6e10 Exception <a 'java/lang/ClassNotFoundException'{0x00000007114262b0}: sun/util/logging/resources/spi/loggingProvider> (0x00000007114262b0) 
thrown [t:\workspace\open\src\hotspot\share\classfile\systemDictionary.cpp, line 256]
Event: 1.344 Thread 0x00000144db8f6e10 Exception <a 'java/lang/NoSuchMethodError'{0x000000071157d018}: 'int java.lang.invoke.DirectMethodHandle$Holder.invokeVirtual(java.lang.Object, java.lang.Object)'> (0x000000071157d018) 
thrown [t:\workspace\open\src\hotspot\share\interpreter\linkResolver.cpp, line 766]
Event: 1.346 Thread 0x00000144db8f6e10 Exception <a 'java/lang/NoSuchMethodError'{0x0000000711587438}: 'java.lang.Object java.lang.invoke.Invokers$Holder.invokeExact_MT(java.lang.Object, java.lang.Object, java.lang.Object, java.lang.Object, java.lang.Object, java.lang.Object)'> (0x0000000711587438) 
thrown [t:\workspace\open\src\hotspot\share\interpreter\linkResolver.cpp, line 766]
Event: 3.696 Thread 0x00000144db8f6e10 Exception <a 'java/lang/NoSuchMethodError'{0x0000000711aa3b70}: 'void java.lang.invoke.DirectMethodHandle$Holder.invokeVirtual(java.lang.Object, java.lang.Object)'> (0x0000000711aa3b70) 
thrown [t:\workspace\open\src\hotspot\share\interpreter\linkResolver.cpp, line 766]
Event: 5.113 Thread 0x00000144db8f6e10 Exception <a 'java/lang/NoSuchMethodError'{0x0000000710a3bac8}: 'void java.lang.invoke.DirectMethodHandle$Holder.invokeStatic(java.lang.Object, java.lang.Object, java.lang.Object)'> (0x0000000710a3bac8) 
thrown [t:\workspace\open\src\hotspot\share\interpreter\linkResolver.cpp, line 766]
Event: 5.125 Thread 0x00000144db8f6e10 Exception <a 'java/lang/NoSuchMethodError'{0x0000000710b0dec8}: 'void java.lang.invoke.DirectMethodHandle$Holder.invokeVirtual(java.lang.Object, java.lang.Object, int)'> (0x0000000710b0dec8) 
thrown [t:\workspace\open\src\hotspot\share\interpreter\linkResolver.cpp, line 766]
Event: 5.175 Thread 0x00000144db8f6e10 Exception <a 'java/lang/NoSuchMethodError'{0x000000071098c428}: 'void java.lang.invoke.DirectMethodHandle$Holder.invokeStatic(java.lang.Object, java.lang.Object, java.lang.Object, java.lang.Object)'> (0x000000071098c428) 
thrown [t:\workspace\open\src\hotspot\share\interpreter\linkResolver.cpp, line 766]
Event: 5.175 Thread 0x00000144db8f6e10 Exception <a 'java/lang/NoSuchMethodError'{0x00000007109936f0}: 'int java.lang.invoke.DirectMethodHandle$Holder.invokeInterface(java.lang.Object, java.lang.Object)'> (0x00000007109936f0) 
thrown [t:\workspace\open\src\hotspot\share\interpreter\linkResolver.cpp, line 766]
Event: 5.178 Thread 0x00000144db8f6e10 Exception <a 'java/lang/NoSuchMethodError'{0x00000007109ee250}: 'void java.lang.invoke.DirectMethodHandle$Holder.invokeVirtual(java.lang.Object, java.lang.Object, java.lang.Object, java.lang.Object)'> (0x00000007109ee250) 
thrown [t:\workspace\open\src\hotspot\share\interpreter\linkResolver.cpp, line 766]

VM Operations (20 events):
Event: 17.441 Executing VM operation: Cleanup
Event: 17.442 Executing VM operation: Cleanup done
Event: 18.442 Executing VM operation: Cleanup
Event: 18.442 Executing VM operation: Cleanup done
Event: 20.442 Executing VM operation: Cleanup
Event: 20.442 Executing VM operation: Cleanup done
Event: 21.442 Executing VM operation: Cleanup
Event: 21.443 Executing VM operation: Cleanup done
Event: 22.444 Executing VM operation: Cleanup
Event: 22.444 Executing VM operation: Cleanup done
Event: 23.358 Executing VM operation: HandshakeAllThreads
Event: 23.358 Executing VM operation: HandshakeAllThreads done
Event: 24.316 Executing VM operation: ICBufferFull
Event: 24.316 Executing VM operation: ICBufferFull done
Event: 26.316 Executing VM operation: Cleanup
Event: 26.316 Executing VM operation: Cleanup done
Event: 27.317 Executing VM operation: Cleanup
Event: 27.317 Executing VM operation: Cleanup done
Event: 29.318 Executing VM operation: Cleanup
Event: 29.319 Executing VM operation: Cleanup done

Events (20 events):
Event: 6.986 loading class jdk/internal/reflect/MethodAccessorGenerator$1 done
Event: 6.986 loading class jdk/internal/reflect/ClassDefiner
Event: 6.986 loading class jdk/internal/reflect/ClassDefiner done
Event: 6.986 loading class jdk/internal/reflect/ClassDefiner$1
Event: 6.986 loading class jdk/internal/reflect/ClassDefiner$1 done
Event: 6.986 loading class jdk/internal/reflect/BootstrapConstructorAccessorImpl
Event: 6.986 loading class jdk/internal/reflect/BootstrapConstructorAccessorImpl done
Event: 9.099 Thread 0x0000014488675a70 Thread exited: 0x0000014488675a70
Event: 10.403 Thread 0x0000014488eff010 Thread added: 0x0000014488eff010
Event: 10.403 Thread 0x000001448059e010 Thread added: 0x000001448059e010
Event: 10.666 Thread 0x000001448059e010 Thread exited: 0x000001448059e010
Event: 10.732 Thread 0x0000014488eff010 Thread exited: 0x0000014488eff010
Event: 10.850 Thread 0x000001448223bf20 Thread exited: 0x000001448223bf20
Event: 11.533 Thread 0x0000014488eff010 Thread added: 0x0000014488eff010
Event: 12.066 Thread 0x0000014488eff010 Thread exited: 0x0000014488eff010
Event: 13.336 Thread 0x00000144b56d7010 Thread added: 0x00000144b56d7010
Event: 13.336 Thread 0x00000144b56d7520 Thread added: 0x00000144b56d7520
Event: 13.833 Thread 0x00000144b56d7520 Thread exited: 0x00000144b56d7520
Event: 14.082 Thread 0x00000144b56d7010 Thread exited: 0x00000144b56d7010
Event: 15.000 Thread 0x00000144db8f8490 Thread exited: 0x00000144db8f8490


Dynamic libraries:
0x00007ff623e80000 - 0x00007ff623e8e000 	C:\Users\rohan\Downloads\openjdk-17.0.2_windows-x64_bin\jdk-17.0.2\bin\java.exe
0x00007fff724c0000 - 0x00007fff726c9000 	C:\WINDOWS\SYSTEM32\ntdll.dll
0x00007fff71400000 - 0x00007fff714bd000 	C:\WINDOWS\System32\KERNEL32.DLL
0x00007fff6fac0000 - 0x00007fff6fe3c000 	C:\WINDOWS\System32\KERNELBASE.dll
0x00007fff6ff00000 - 0x00007fff70011000 	C:\WINDOWS\System32\ucrtbase.dll
0x00007fff3bf10000 - 0x00007fff3bf2a000 	C:\Users\rohan\Downloads\openjdk-17.0.2_windows-x64_bin\jdk-17.0.2\bin\VCRUNTIME140.dll
0x00007fff3f0e0000 - 0x00007fff3f0f8000 	C:\Users\rohan\Downloads\openjdk-17.0.2_windows-x64_bin\jdk-17.0.2\bin\jli.dll
0x00007fff703d0000 - 0x00007fff7057d000 	C:\WINDOWS\System32\USER32.dll
0x00007fff55b60000 - 0x00007fff55e05000 	C:\WINDOWS\WinSxS\amd64_microsoft.windows.common-controls_6595b64144ccf1df_6.0.22000.120_none_9d947278b86cc467\COMCTL32.dll
0x00007fff70020000 - 0x00007fff70046000 	C:\WINDOWS\System32\win32u.dll
0x00007fff70d20000 - 0x00007fff70dc3000 	C:\WINDOWS\System32\msvcrt.dll
0x00007fff717f0000 - 0x00007fff71819000 	C:\WINDOWS\System32\GDI32.dll
0x00007fff70050000 - 0x00007fff70169000 	C:\WINDOWS\System32\gdi32full.dll
0x00007fff6f9a0000 - 0x00007fff6fa3d000 	C:\WINDOWS\System32\msvcp_win.dll
0x00007fff718a0000 - 0x00007fff718d1000 	C:\WINDOWS\System32\IMM32.DLL
0x00007fff55a20000 - 0x00007fff55a2c000 	C:\Users\rohan\Downloads\openjdk-17.0.2_windows-x64_bin\jdk-17.0.2\bin\vcruntime140_1.dll
0x00007fff0f410000 - 0x00007fff0f49d000 	C:\Users\rohan\Downloads\openjdk-17.0.2_windows-x64_bin\jdk-17.0.2\bin\msvcp140.dll
0x00007ffeed770000 - 0x00007ffeee331000 	C:\Users\rohan\Downloads\openjdk-17.0.2_windows-x64_bin\jdk-17.0.2\bin\server\jvm.dll
0x00007fff70580000 - 0x00007fff7062e000 	C:\WINDOWS\System32\ADVAPI32.dll
0x00007fff70630000 - 0x00007fff706ce000 	C:\WINDOWS\System32\sechost.dll
0x00007fff714e0000 - 0x00007fff71600000 	C:\WINDOWS\System32\RPCRT4.dll
0x00007fff71820000 - 0x00007fff71828000 	C:\WINDOWS\System32\PSAPI.DLL
0x00007fff68280000 - 0x00007fff6828a000 	C:\WINDOWS\SYSTEM32\VERSION.dll
0x00007fff68760000 - 0x00007fff68769000 	C:\WINDOWS\SYSTEM32\WSOCK32.dll
0x00007fff685f0000 - 0x00007fff68623000 	C:\WINDOWS\SYSTEM32\WINMM.dll
0x00007fff71830000 - 0x00007fff7189f000 	C:\WINDOWS\System32\WS2_32.dll
0x00007fff6eb80000 - 0x00007fff6eb98000 	C:\WINDOWS\SYSTEM32\kernel.appcore.dll
0x00007fff4bd70000 - 0x00007fff4bd7a000 	C:\Users\rohan\Downloads\openjdk-17.0.2_windows-x64_bin\jdk-17.0.2\bin\jimage.dll
0x00007fff6d570000 - 0x00007fff6d791000 	C:\WINDOWS\SYSTEM32\DBGHELP.DLL
0x00007fff64a90000 - 0x00007fff64ac1000 	C:\WINDOWS\SYSTEM32\dbgcore.DLL
0x00007fff6fa40000 - 0x00007fff6fabf000 	C:\WINDOWS\System32\bcryptPrimitives.dll
0x00007fff1a0d0000 - 0x00007fff1a0f5000 	C:\Users\rohan\Downloads\openjdk-17.0.2_windows-x64_bin\jdk-17.0.2\bin\java.dll
0x00007ffeee780000 - 0x00007ffeee856000 	C:\Users\rohan\Downloads\openjdk-17.0.2_windows-x64_bin\jdk-17.0.2\bin\jsvml.dll
0x00007fff71cc0000 - 0x00007fff72478000 	C:\WINDOWS\System32\SHELL32.dll
0x00007fff6db00000 - 0x00007fff6e368000 	C:\WINDOWS\SYSTEM32\windows.storage.dll
0x00007fff709a0000 - 0x00007fff70d19000 	C:\WINDOWS\System32\combase.dll
0x00007fff6d990000 - 0x00007fff6daf6000 	C:\WINDOWS\SYSTEM32\wintypes.dll
0x00007fff706d0000 - 0x00007fff707ba000 	C:\WINDOWS\System32\SHCORE.dll
0x00007fff71790000 - 0x00007fff717ed000 	C:\WINDOWS\System32\shlwapi.dll
0x00007fff6f8d0000 - 0x00007fff6f8f1000 	C:\WINDOWS\SYSTEM32\profapi.dll
0x00007fff19b00000 - 0x00007fff19b19000 	C:\Users\rohan\Downloads\openjdk-17.0.2_windows-x64_bin\jdk-17.0.2\bin\net.dll
0x00007fff67f80000 - 0x00007fff6808c000 	C:\WINDOWS\SYSTEM32\WINHTTP.dll
0x00007fff6efb0000 - 0x00007fff6f017000 	C:\WINDOWS\system32\mswsock.dll
0x00007fff198e0000 - 0x00007fff198f6000 	C:\Users\rohan\Downloads\openjdk-17.0.2_windows-x64_bin\jdk-17.0.2\bin\nio.dll
0x00007fff18310000 - 0x00007fff18328000 	C:\Users\rohan\Downloads\openjdk-17.0.2_windows-x64_bin\jdk-17.0.2\bin\zip.dll
0x00007fff496d0000 - 0x00007fff496e0000 	C:\Users\rohan\Downloads\openjdk-17.0.2_windows-x64_bin\jdk-17.0.2\bin\verify.dll
0x000000005c780000 - 0x000000005c7a9000 	C:\Users\rohan\AppData\Local\Temp\libgdxrohan\e787ab0a\gdx64.dll
0x00007fff0f850000 - 0x00007fff0f8c5000 	C:\Users\rohan\AppData\Local\Temp\lwjglrohan\3.3.1-build-7\lwjgl.dll
0x00007ffeed510000 - 0x00007ffeed769000 	C:\Users\rohan\AppData\Local\Temp\lwjglrohan\3.3.1-build-7\jemalloc.dll
0x00007fff13950000 - 0x00007fff139b1000 	C:\Users\rohan\AppData\Local\Temp\lwjglrohan\3.3.1-build-7\glfw.dll
0x00007fff16250000 - 0x00007fff16295000 	C:\WINDOWS\SYSTEM32\dinput8.dll
0x00007fff174d0000 - 0x00007fff174e1000 	C:\WINDOWS\SYSTEM32\xinput1_4.dll
0x00007fff6f6a0000 - 0x00007fff6f6ec000 	C:\WINDOWS\SYSTEM32\cfgmgr32.dll
0x00007fff6f670000 - 0x00007fff6f69c000 	C:\WINDOWS\SYSTEM32\DEVOBJ.dll
0x00007fff6d150000 - 0x00007fff6d17f000 	C:\WINDOWS\SYSTEM32\dwmapi.dll
0x00007fff4e900000 - 0x00007fff4eac9000 	C:\WINDOWS\SYSTEM32\inputhost.dll
0x00007fff6c810000 - 0x00007fff6c942000 	C:\WINDOWS\SYSTEM32\CoreMessaging.dll
0x00007fff6cda0000 - 0x00007fff6ce4c000 	C:\WINDOWS\system32\uxtheme.dll
0x00007fff712c0000 - 0x00007fff713de000 	C:\WINDOWS\System32\MSCTF.dll
0x00007fff6f210000 - 0x00007fff6f21c000 	C:\WINDOWS\SYSTEM32\CRYPTBASE.DLL
0x00007ffeee5e0000 - 0x00007ffeee777000 	C:\Users\rohan\AppData\Local\Temp\lwjglrohan\3.3.1-build-7\OpenAL.dll
0x00007fff71b20000 - 0x00007fff71cba000 	C:\WINDOWS\System32\ole32.dll
0x00007fff71600000 - 0x00007fff716af000 	C:\WINDOWS\System32\clbcatq.dll
0x00007fff647e0000 - 0x00007fff6487c000 	C:\WINDOWS\System32\MMDevApi.dll
0x00007fff5b940000 - 0x00007fff5bb13000 	C:\WINDOWS\SYSTEM32\AUDIOSES.DLL
0x00007fff6d010000 - 0x00007fff6d025000 	C:\WINDOWS\SYSTEM32\resourcepolicyclient.dll
0x00007fff6e5f0000 - 0x00007fff6e63d000 	C:\WINDOWS\SYSTEM32\powrprof.dll
0x00007fff6e590000 - 0x00007fff6e5a3000 	C:\WINDOWS\SYSTEM32\UMPDC.dll
0x00007fff3e220000 - 0x00007fff3e321000 	C:\WINDOWS\SYSTEM32\opengl32.dll
0x00007fff3e1f0000 - 0x00007fff3e21d000 	C:\WINDOWS\SYSTEM32\GLU32.dll
0x00007fff6ceb0000 - 0x00007fff6cee8000 	C:\WINDOWS\SYSTEM32\dxcore.dll
0x00007fff6a290000 - 0x00007fff6a2d4000 	C:\WINDOWS\SYSTEM32\directxdatabasehelper.dll
0x00007fff6d030000 - 0x00007fff6d064000 	C:\WINDOWS\SYSTEM32\ntmarta.dll
0x00007fff69570000 - 0x00007fff696a4000 	C:\Windows\System32\AppXDeploymentClient.dll
0x00007fff68df0000 - 0x00007fff68fdf000 	C:\WINDOWS\SYSTEM32\urlmon.dll
0x00007fff68b00000 - 0x00007fff68db3000 	C:\Windows\System32\iertutil.dll
0x00007fff6e5e0000 - 0x00007fff6e5ec000 	C:\Windows\System32\netutils.dll
0x00007fff68dc0000 - 0x00007fff68de8000 	C:\Windows\System32\srvcli.dll
0x00007ffeec3e0000 - 0x00007ffeed2fb000 	C:\Windows\System32\DriverStore\FileRepository\iigd_dch.inf_amd64_5a11591e9a533afd\ig9icd64.dll
0x00007fff6cef0000 - 0x00007fff6cfe3000 	C:\WINDOWS\system32\dxgi.dll
0x00007fff65610000 - 0x00007fff657b4000 	C:\Windows\System32\DriverStore\FileRepository\iigd_dch.inf_amd64_5a11591e9a533afd\igdgmm64.dll
0x00007fff60a20000 - 0x00007fff62ebb000 	C:\Windows\System32\DriverStore\FileRepository\iigd_dch.inf_amd64_5a11591e9a533afd\igc64.dll
0x00007fff13500000 - 0x00007fff1355d000 	C:\Users\rohan\AppData\Local\Temp\lwjglrohan\3.3.1-build-7\lwjgl_opengl.dll
0x00007fff4e7d0000 - 0x00007fff4e8fd000 	C:\WINDOWS\SYSTEM32\textinputframework.dll
0x00007fff716b0000 - 0x00007fff71786000 	C:\WINDOWS\System32\OLEAUT32.dll
0x00007fff68fe0000 - 0x00007fff6934d000 	C:\WINDOWS\SYSTEM32\CoreUIComponents.dll
0x000000005c720000 - 0x000000005c77a000 	C:\Users\rohan\AppData\Local\Temp\libgdxrohan\888fe1bc\gdx-box2d64.dll

dbghelp: loaded successfully - version: 4.0.5 - missing functions: none
symbol engine: initialized successfully - sym options: 0x614 - pdb path: .;C:\Users\rohan\Downloads\openjdk-17.0.2_windows-x64_bin\jdk-17.0.2\bin;C:\WINDOWS\SYSTEM32;C:\WINDOWS\WinSxS\amd64_microsoft.windows.common-controls_6595b64144ccf1df_6.0.22000.120_none_9d947278b86cc467;C:\Users\rohan\Downloads\openjdk-17.0.2_windows-x64_bin\jdk-17.0.2\bin\server;C:\Users\rohan\AppData\Local\Temp\libgdxrohan\e787ab0a;C:\Users\rohan\AppData\Local\Temp\lwjglrohan\3.3.1-build-7;C:\Windows\System32\DriverStore\FileRepository\iigd_dch.inf_amd64_5a11591e9a533afd;C:\Users\rohan\AppData\Local\Temp\libgdxrohan\888fe1bc

VM Arguments:
jvm_args: -Dfile.encoding=windows-1252 -Duser.country=AU -Duser.language=en -Duser.variant 
java_command: com.deco2800.game.desktop.DesktopLauncher
java_class_path (initial): C:\Users\rohan\Documents\2022-studio-2\source\desktop\build\classes\java\main;C:\Users\rohan\Documents\2022-studio-2\source\desktop\build\resources\main;C:\Users\rohan\.gradle\caches\modules-2\files-2.1\com.badlogicgames.gdx\gdx-backend-lwjgl3\1.11.0\58a96db4cd349be4292d547856aa1e1c5f065f4e\gdx-backend-lwjgl3-1.11.0.jar;C:\Users\rohan\.gradle\caches\modules-2\files-2.1\com.badlogicgames.gdx\gdx-platform\1.11.0\697fb13eada6d3c6ca648c9788692b0159add126\gdx-platform-1.11.0-natives-desktop.jar;C:\Users\rohan\.gradle\caches\modules-2\files-2.1\com.badlogicgames.gdx\gdx-box2d-platform\1.11.0\62ff9baa1e57a11e0a4428a38c9660bf9f312fdc\gdx-box2d-platform-1.11.0-natives-desktop.jar;C:\Users\rohan\.gradle\caches\modules-2\files-2.1\com.badlogicgames.gdx\gdx-tools\1.11.0\a5d30eafd0f2fbab314efdf6d98ebc27388b7c0a\gdx-tools-1.11.0.jar;C:\Users\rohan\.gradle\caches\modules-2\files-2.1\com.badlogicgames.gdx-controllers\gdx-controllers-desktop\2.2.2\625b3bdbe803e9c4af181b4791202cfcf776d805\gdx-controllers-desktop-2.2.2.jar;C:\Users\rohan\Documents\2022-studio-2\source\core\build\libs\core-1.0.jar;C:\Users\rohan\.gradle\caches\modules-2\files-2.1\com.badlogicgames.gdx\gdx-backend-lwjgl\1.11.0\33555a2cf8b4d9db4122b2fe42e7674b343d8b4\gdx-backend-lwjgl-1.11.0.jar;C:\Users\rohan\.gradle\caches\modules-2\files-2.1\com.badlogicgames.gdx\gdx-freetype\1.11.0\a3634ad2e6c56d251268d6ab5c0f66eee2841f2c\gdx-freetype-1.11.0.jar;C:\Users\rohan\.gradle\caches\modules-2\files-2.1\com.badlogicgames.gdx\gdx-backend-headless\1.11.0\3c3d0c951db72891d894df1725d09179fd0bca00\gdx-backend-headless-1.11.0.jar;C:\Users\rohan\.gradle\caches\modules-2\files-2.1\com.badlogicgames.gdx-controllers\gdx-controllers-core\2.2.2\25473efe9273912a03a4871a9e1469b41d86face\gdx-controllers-core-2.2.2.jar;C:\Users\rohan\.gradle\caches\modules-2\files-2.1\net.dermetfan.libgdx-utils\libgdx-utils-box2d\0.13.4\918d79a20ea3c898cdb3611782c5b2bfa6ec575b\libgdx-utils-box2d-0.13.4.jar;C:\Users\rohan\.gradle\
Launcher Type: SUN_STANDARD

[Global flags]
     intx CICompilerCount                          = 12                                        {product} {ergonomic}
     uint ConcGCThreads                            = 3                                         {product} {ergonomic}
     uint G1ConcRefinementThreads                  = 13                                        {product} {ergonomic}
   size_t G1HeapRegionSize                         = 2097152                                   {product} {ergonomic}
    uintx GCDrainStackTargetSize                   = 64                                        {product} {ergonomic}
   size_t InitialHeapSize                          = 266338304                                 {product} {ergonomic}
   size_t MarkStackSize                            = 4194304                                   {product} {ergonomic}
   size_t MaxHeapSize                              = 4253024256                                {product} {ergonomic}
   size_t MaxNewSize                               = 2550136832                                {product} {ergonomic}
   size_t MinHeapDeltaBytes                        = 2097152                                   {product} {ergonomic}
   size_t MinHeapSize                              = 8388608                                   {product} {ergonomic}
    uintx NonNMethodCodeHeapSize                   = 7602480                                {pd product} {ergonomic}
    uintx NonProfiledCodeHeapSize                  = 122027880                              {pd product} {ergonomic}
    uintx ProfiledCodeHeapSize                     = 122027880                              {pd product} {ergonomic}
    uintx ReservedCodeCacheSize                    = 251658240                              {pd product} {ergonomic}
     bool SegmentedCodeCache                       = true                                      {product} {ergonomic}
   size_t SoftMaxHeapSize                          = 4253024256                             {manageable} {ergonomic}
     bool UseCompressedClassPointers               = true                           {product lp64_product} {ergonomic}
     bool UseCompressedOops                        = true                           {product lp64_product} {ergonomic}
     bool UseG1GC                                  = true                                      {product} {ergonomic}
     bool UseLargePagesIndividualAllocation        = false                                  {pd product} {ergonomic}

Logging:
Log output configuration:
 #0: stdout all=warning uptime,level,tags
 #1: stderr all=off uptime,level,tags

Environment Variables:
JAVA_HOME=C:\Program Files\Java\jdk-17.0.2
PATH=C:\Program Files\Common Files\Oracle\Java\javapath;C:\Program Files (x86)\Common Files\Oracle\Java\javapath;C:\Windows\system32;C:\Windows;C:\Windows\System32\Wbem;C:\Windows\System32\WindowsPowerShell\v1.0\;C:\Windows\System32\OpenSSH\;C:\Program Files (x86)\NVIDIA Corporation\PhysX\Common;C:\Program Files\NVIDIA Corporation\NVIDIA NvDLISR;C:\Program Files\Git\cmd;C:\Program Files\nodejs\;C:\Program Files (x86)\Pololu\USB AVR Programmer v2\bin;%SystemRoot%\system32;%SystemRoot%;%SystemRoot%\System32\Wbem;%SYSTEMROOT%\System32\WindowsPowerShell\v1.0\;%SYSTEMROOT%\System32\OpenSSH\;C:\Users\rohan\AppData\Local\Microsoft\WindowsApps;C:\Users\rohan\AppData\Local\Programs\Microsoft VS Code\bin;C:\Program Files (x86)\mingw-w64\i686-8.1.0-posix-dwarf-rt_v6-rev0\mingw32\bin;C:\ghcup\bin;C:\Users\rohan\AppData\Local\Android\Sdk\platform-tools;"C:\Users\rohan\AppData\Roaming\npm;C:\Program Files\nodejs";C:\Users\rohan\AppData\Roaming\npm;
USERNAME=rohan
OS=Windows_NT
PROCESSOR_IDENTIFIER=Intel64 Family 6 Model 165 Stepping 2, GenuineIntel



---------------  S Y S T E M  ---------------

OS:
 Windows 11 , 64 bit Build 22000 (10.0.22000.708)
OS uptime: 3 days 15:11 hours

CPU: total 16 (initial active 16) (8 cores per cpu, 2 threads per core) family 6 model 165 stepping 2 microcode 0xe2, cx8, cmov, fxsr, ht, mmx, 3dnowpref, sse, sse2, sse3, ssse3, sse4.1, sse4.2, popcnt, lzcnt, tsc, tscinvbit, avx, avx2, aes, erms, clmul, bmi1, bmi2, adx, fma, vzeroupper, clflush, clflushopt

Memory: 4k page, system-wide physical 16223M (3095M free)
TotalPageFile size 25439M (AvailPageFile size 8672M)
current process WorkingSet (physical memory assigned to process): 579M, peak: 862M
current process commit charge ("private bytes"): 827M, peak: 1119M

vm_info: OpenJDK 64-Bit Server VM (17.0.2+8-86) for windows-amd64 JRE (17.0.2+8-86), built on Dec  7 2021 21:49:10 by "mach5one" with MS VC++ 16.8 / 16.9 (VS2019)

END.
